<?xml version="1.0" encoding="UTF-8"?>
<testsuite name="SearchTests" tests="3" skipped="0" failures="0" errors="0" timestamp="2024-12-10T08:14:27" hostname="VALENCIIO" time="8.992">
  <properties/>
  <testcase name="successfulSearchTest1()" classname="SearchTests" time="5.71"/>
  <testcase name="successfulSearchTest2()" classname="SearchTests" time="1.558"/>
  <testcase name="successfulSearchTest3()" classname="SearchTests" time="1.722"/>
  <system-out><![CDATA[]]></system-out>
  <system-err><![CDATA[SLF4J: No SLF4J providers were found.
SLF4J: Defaulting to no-operation (NOP) logger implementation
SLF4J: See https://www.slf4j.org/codes.html#noProviders for further details.
дек. 10, 2024 11:14:31 AM org.openqa.selenium.devtools.CdpVersionFinder findNearestMatch
WARNING: Unable to find CDP implementation matching 131
дек. 10, 2024 11:14:31 AM org.openqa.selenium.chromium.ChromiumDriver lambda$new$5
WARNING: Unable to find version of CDP to use for 131.0.6778.109. You may need to include a dependency on a specific version of the CDP using something similar to `org.seleniumhq.selenium:selenium-devtools-v86:4.13.0` where the version ("v86") matches the version of the chromium-based browser you're using and the version number of the artifact is the same as Selenium's.
]]></system-err>
</testsuite>
